-------------------------------------------------------------------------------
Test set: com.surpass.vision.server.PointListTest
-------------------------------------------------------------------------------
Tests run: 8, Failures: 8, Errors: 0, Skipped: 0, Time elapsed: 0.106 s <<< FAILURE! - in com.surpass.vision.server.PointListTest
testPointList(com.surpass.vision.server.PointListTest)  Time elapsed: 0.002 s  <<< FAILURE!
java.lang.AssertionError: Not yet implemented
	at com.surpass.vision.server.PointListTest.testPointList(PointListTest.java:41)

testUpdateValue(com.surpass.vision.server.PointListTest)  Time elapsed: 0 s  <<< FAILURE!
java.lang.AssertionError: Not yet implemented
	at com.surpass.vision.server.PointListTest.testUpdateValue(PointListTest.java:26)

testGetDataView(com.surpass.vision.server.PointListTest)  Time elapsed: 0 s  <<< FAILURE!
java.lang.AssertionError: Not yet implemented
	at com.surpass.vision.server.PointListTest.testGetDataView(PointListTest.java:31)

testPublish(com.surpass.vision.server.PointListTest)  Time elapsed: 0 s  <<< FAILURE!
java.lang.AssertionError: Not yet implemented
	at com.surpass.vision.server.PointListTest.testPublish(PointListTest.java:46)

testDelPoints(com.surpass.vision.server.PointListTest)  Time elapsed: 0 s  <<< FAILURE!
java.lang.AssertionError: Not yet implemented
	at com.surpass.vision.server.PointListTest.testDelPoints(PointListTest.java:21)

testAddPoints(com.surpass.vision.server.PointListTest)  Time elapsed: 0 s  <<< FAILURE!
java.lang.AssertionError: Not yet implemented
	at com.surpass.vision.server.PointListTest.testAddPoints(PointListTest.java:16)

testGetInstance(com.surpass.vision.server.PointListTest)  Time elapsed: 0.001 s  <<< FAILURE!
java.lang.AssertionError: Not yet implemented
	at com.surpass.vision.server.PointListTest.testGetInstance(PointListTest.java:11)

testGetApplicationContext(com.surpass.vision.server.PointListTest)  Time elapsed: 0.003 s  <<< FAILURE!
java.lang.AssertionError: Not yet implemented
	at com.surpass.vision.server.PointListTest.testGetApplicationContext(PointListTest.java:36)

