<?xml version="1.0" encoding="UTF-8"?>
<testsuite xmlns:xsi="http://www.w3.org/2001/XMLSchema-instance" xsi:noNamespaceSchemaLocation="https://maven.apache.org/surefire/maven-surefire-plugin/xsd/surefire-test-report.xsd" name="com.upcsurpass.vision.UpcvisionApplicationTests" time="0.408" tests="1" errors="1" skipped="0" failures="0">
  <properties>
[...]
</properties>
  <testcase name="initializationError" classname="com.upcsurpass.vision.UpcvisionApplicationTests" time="0">
    <error message="Unable to find a @SpringBootConfiguration, you need to use @ContextConfiguration or @SpringBootTest(classes=...) with your test" type="java.lang.IllegalStateException">java.lang.IllegalStateException: Unable to find a @SpringBootConfiguration, you need to use @ContextConfiguration or @SpringBootTest(classes=...) with your test
</error>
    <system-out><![CDATA[14:27:26.598 [main] DEBUG org.springframework.test.context.junit4.SpringJUnit4ClassRunner - SpringJUnit4ClassRunner constructor called with [class com.upcsurpass.vision.UpcvisionApplicationTests]
14:27:26.621 [main] DEBUG org.springframework.test.context.BootstrapUtils - Instantiating CacheAwareContextLoaderDelegate from class [org.springframework.test.context.cache.DefaultCacheAwareContextLoaderDelegate]
14:27:26.646 [main] DEBUG org.springframework.test.context.BootstrapUtils - Instantiating BootstrapContext using constructor [public org.springframework.test.context.support.DefaultBootstrapContext(java.lang.Class,org.springframework.test.context.CacheAwareContextLoaderDelegate)]
14:27:26.682 [main] DEBUG org.springframework.test.context.BootstrapUtils - Instantiating TestContextBootstrapper for test class [com.upcsurpass.vision.UpcvisionApplicationTests] from class [org.springframework.boot.test.context.SpringBootTestContextBootstrapper]
14:27:26.704 [main] INFO org.springframework.boot.test.context.SpringBootTestContextBootstrapper - Neither @ContextConfiguration nor @ContextHierarchy found for test class [com.upcsurpass.vision.UpcvisionApplicationTests], using SpringBootContextLoader
14:27:26.722 [main] DEBUG org.springframework.test.context.support.AbstractContextLoader - Did not detect default resource location for test class [com.upcsurpass.vision.UpcvisionApplicationTests]: class path resource [com/upcsurpass/vision/UpcvisionApplicationTests-context.xml] does not exist
14:27:26.724 [main] DEBUG org.springframework.test.context.support.AbstractContextLoader - Did not detect default resource location for test class [com.upcsurpass.vision.UpcvisionApplicationTests]: class path resource [com/upcsurpass/vision/UpcvisionApplicationTestsContext.groovy] does not exist
14:27:26.724 [main] INFO org.springframework.test.context.support.AbstractContextLoader - Could not detect default resource locations for test class [com.upcsurpass.vision.UpcvisionApplicationTests]: no resource found for suffixes {-context.xml, Context.groovy}.
14:27:26.725 [main] INFO org.springframework.test.context.support.AnnotationConfigContextLoaderUtils - Could not detect default configuration classes for test class [com.upcsurpass.vision.UpcvisionApplicationTests]: UpcvisionApplicationTests does not declare any static, non-private, non-final, nested classes annotated with @Configuration.
14:27:26.867 [main] DEBUG org.springframework.test.context.support.ActiveProfilesUtils - Could not find an 'annotation declaring class' for annotation type [org.springframework.test.context.ActiveProfiles] and class [com.upcsurpass.vision.UpcvisionApplicationTests]
]]></system-out>
  </testcase>
</testsuite>